#-----------------------------------------------------------
# Vivado v2018.3 (64-bit)
# SW Build 2405991 on Thu Dec  6 23:38:27 MST 2018
# IP Build 2404404 on Fri Dec  7 01:43:56 MST 2018
# Start of session at: Fri Apr 21 15:36:07 2023
# Process ID: 10032
# Current directory: D:/Xilinx/Vivado/DigitalSafe
# Command line: vivado.exe -gui_launcher_event rodinguilauncherevent3968 D:\Xilinx\Vivado\DigitalSafe\DigitalSafe.xpr
# Log file: D:/Xilinx/Vivado/DigitalSafe/vivado.log
# Journal file: D:/Xilinx/Vivado/DigitalSafe\vivado.jou
#-----------------------------------------------------------
start_gui
open_project D:/Xilinx/Vivado/DigitalSafe/DigitalSafe.xpr
Scanning sources...
Finished scanning sources
INFO: [IP_Flow 19-234] Refreshing IP repositories
INFO: [IP_Flow 19-1704] No user IP repositories specified
INFO: [IP_Flow 19-2313] Loaded Vivado IP repository 'D:/Xilinx/Vivado/2018.3/data/ip'.
open_project: Time (s): cpu = 00:00:11 ; elapsed = 00:00:07 . Memory (MB): peak = 799.066 ; gain = 154.555
update_compile_order -fileset sources_1
exit
INFO: [Common 17-206] Exiting Vivado at Sat Apr 22 00:21:41 2023...
